0 silly argv { _: [ 'import' ],
0 silly argv   flatten: true,
0 silly argv   lernaVersion: '3.18.3',
0 silly argv   '$0':
0 silly argv    'C:\\Program Files\\node-v10.16.3-win-x64\\node_modules\\lerna\\cli.js',
0 silly argv   dir: '../multi-repo1' }
1 notice cli v3.18.3
2 verbose rootPath C:\Users\Zach\documents\github\my-mono-test-lerna
3 error Error: Command failed: git rev-parse HEAD
3 error fatal: ambiguous argument 'HEAD': unknown revision or path not in the working tree.
3 error Use '--' to separate paths from revisions, like this:
3 error 'git <command> [<revision>...] -- [<file>...]'
3 error
3 error HEAD
3 error
3 error     at makeError (C:\Users\Zach\documents\github\my-mono-test-lerna\node_modules\execa\index.js:174:9)
3 error     at Function.module.exports.sync (C:\Users\Zach\documents\github\my-mono-test-lerna\node_modules\execa\index.js:338:15)
3 error     at Object.execSync (C:\Users\Zach\documents\github\my-mono-test-lerna\node_modules\@lerna\child-process\index.js:26:16)
3 error     at ImportCommand.execSync (C:\Users\Zach\documents\github\my-mono-test-lerna\node_modules\@lerna\import\index.js:143:34)
3 error     at ImportCommand.getCurrentSHA (C:\Users\Zach\documents\github\my-mono-test-lerna\node_modules\@lerna\import\index.js:135:17)
3 error     at ImportCommand.initialize (C:\Users\Zach\documents\github\my-mono-test-lerna\node_modules\@lerna\import\index.js:104:31)
3 error     at Promise.resolve.then (C:\Users\Zach\documents\github\my-mono-test-lerna\node_modules\@lerna\command\index.js:271:24)
